<?xml version="1.0" encoding="UTF-8"?>
<testng-results skipped="0" failed="0" ignored="0" total="0" passed="0">
  <reporter-output>
  </reporter-output>
  <suite name="BaseTest" duration-ms="10603" started-at="2018-01-24T22:07:15Z" finished-at="2018-01-24T22:07:25Z">
    <groups>
    </groups>
    <test name="Command line test" duration-ms="10603" started-at="2018-01-24T22:07:15Z" finished-at="2018-01-24T22:07:25Z">
      <class name="BaseTest">
        <test-method status="PASS" signature="setup()[pri:0, instance:BaseTest@2ef9b8bc]" name="setup" is-config="true" duration-ms="10600" started-at="2018-01-24T16:07:15Z" finished-at="2018-01-24T16:07:25Z">
          <reporter-output>
          </reporter-output>
        </test-method> <!-- setup -->
      </class> <!-- BaseTest -->
    </test> <!-- Command line test -->
  </suite> <!-- BaseTest -->
</testng-results>
